--------------------------------------
Tarama Başladı: 2025-12-11 14:14
--------------------------------------------------
Hedef Taranıyor: scanme.nmap.org
--------------------------------------------------
Port 22 AÇIK!
Port 80 AÇIK!
--------------------------------------------------
Tarama Bitti.

Tarama Bitti.
--------------------------------------
Tarama Başladı: 2025-12-11 14:17
--------------------------------------------------
Hedef Taranıyor: scanme.nmap.org
--------------------------------------------------
Port 22 AÇIK!

Günlük Tarama Bitti.
--------------------------------------
Tarama Başladı: 2025-12-11 14:19
--------------------------------------------------
Hedef Taranıyor: scanme.nmap.org
--------------------------------------------------
Port 22 AÇIK!
Port 80 AÇIK!
--------------------------------------------------
Tarama Bitti.

Günlük Tarama Bitti.
--------------------------------------
Tarama Başladı: 2025-12-11 14:36
--------------------------------------------------
Hedef Taranıyor: scanme.nmap.org
--------------------------------------------------
Port 22 AÇIK!
Port 80 AÇIK!
--------------------------------------------------
Tarama Bitti.

Tarama Bitti.
